2017-02-06 15:41:11> Program: Starting Squirrel Updater: --createShortcut electron.exe
2017-02-06 15:41:11> ApplyReleasesImpl: About to create shortcuts for electron.exe, rootAppDir C:\Users\Konstantinos\Desktop\mg-downloader
2017-02-06 15:41:11> Unhandled exception: System.IO.DirectoryNotFoundException: Could not find a part of the path 'C:\Users\Konstantinos\Desktop\mg-downloader\packages\RELEASES'.
   at System.IO.__Error.WinIOError(Int32 errorCode, String maybeFullPath)
   at System.IO.FileStream.Init(String path, FileMode mode, FileAccess access, Int32 rights, Boolean useRights, FileShare share, Int32 bufferSize, FileOptions options, SECURITY_ATTRIBUTES secAttrs, String msgPath, Boolean bFromProxy, Boolean useLongPath, Boolean checkHost)
   at System.IO.FileStream..ctor(String path, FileMode mode, FileAccess access, FileShare share)
   at Squirrel.Utility.LoadLocalReleases(String localReleaseFile)
   at Squirrel.UpdateManager.ApplyReleasesImpl.CreateShortcutsForExecutable(String exeName, ShortcutLocation locations, Boolean updateOnly, String programArguments, String icon)
   at Squirrel.Update.Program.Shortcut(String exeName, String shortcutArgs, String processStartArgs, String icon)
   at Squirrel.Update.Program.executeCommandLine(String[] args)
   at Squirrel.Update.Program.main(String[] args)
2017-02-06 15:41:36> Program: Starting Squirrel Updater: --createShortcut MG-downloader
2017-02-06 15:41:36> ApplyReleasesImpl: About to create shortcuts for MG-downloader, rootAppDir C:\Users\Konstantinos\Desktop\mg-downloader
2017-02-06 15:41:36> Unhandled exception: System.IO.DirectoryNotFoundException: Could not find a part of the path 'C:\Users\Konstantinos\Desktop\mg-downloader\packages\RELEASES'.
   at System.IO.__Error.WinIOError(Int32 errorCode, String maybeFullPath)
   at System.IO.FileStream.Init(String path, FileMode mode, FileAccess access, Int32 rights, Boolean useRights, FileShare share, Int32 bufferSize, FileOptions options, SECURITY_ATTRIBUTES secAttrs, String msgPath, Boolean bFromProxy, Boolean useLongPath, Boolean checkHost)
   at System.IO.FileStream..ctor(String path, FileMode mode, FileAccess access, FileShare share)
   at Squirrel.Utility.LoadLocalReleases(String localReleaseFile)
   at Squirrel.UpdateManager.ApplyReleasesImpl.CreateShortcutsForExecutable(String exeName, ShortcutLocation locations, Boolean updateOnly, String programArguments, String icon)
   at Squirrel.Update.Program.Shortcut(String exeName, String shortcutArgs, String processStartArgs, String icon)
   at Squirrel.Update.Program.executeCommandLine(String[] args)
   at Squirrel.Update.Program.main(String[] args)
